[2026-01-17 03:40:33] [INIT] Task #119.5 - 远程 ZMQ 链路穿透测试启动
[2026-01-17 03:40:33] [AUDIT] 读取配置: GTW_HOST=172.19.141.255, GTW_PORT=5555
[2026-01-17 03:40:33] [VERIFY] IP 检查: 172.19.141.255 不是 localhost ✅
[2026-01-17 03:40:33] [ZMQ] 创建上下文和 REQ 套接字
[2026-01-17 03:40:33] [ZMQ] 设置连接超时: 3000ms
[2026-01-17 03:40:33] [ZMQ] 设置接收超时: 5000ms
[2026-01-17 03:40:33] [CONNECT] 开始连接到 tcp://172.19.141.255:5555
[2026-01-17 03:40:33] [SUCCESS] ZMQ 套接字连接成功 (逻辑层)
[2026-01-17 03:40:33] [PAYLOAD] 构造握手消息
Payload:
{
  "action": "PING",
  "timestamp": "2026-01-17T03:40:33.957278",
  "source": "INF_ZMQ_TEST",
  "comment": "Remote Connectivity Check"
}
[2026-01-17 03:40:33] [SEND] 发送握手包到 GTW...
[2026-01-17 03:40:33] [SUCCESS] 握手包已发送
[2026-01-17 03:40:33] [WAIT] 创建 Poller 监听响应（5000ms 超时）
[2026-01-17 03:40:33] [NETWORK] 等待 MT5 响应中...
[2026-01-17 03:40:33] [RECV] Poller 事件触发 - 收到数据
[2026-01-17 03:40:33] [RECV] 从 MT5 接收响应成功
Response Content:
{"status":"ERROR","msg":"Unknown Command"}
[2026-01-17 03:40:33] [VERIFY] 响应解析成功
[2026-01-17 03:40:33] [STATUS] 虽然是 ERROR 状态，但这证明 MT5 收到了请求并做出了响应
[2026-01-17 03:40:33] [SUCCESS] ======================================
[2026-01-17 03:40:33] [SUCCESS] 🎉 链路连通性测试 SUCCESS!
[2026-01-17 03:40:33] [SUCCESS] ======================================
[2026-01-17 03:40:33] [VERIFY] ✅ INF (Linux 172.19.141.250) <===> GTW (Windows 172.19.141.255)
[2026-01-17 03:40:33] [VERIFY] ✅ ZMQ REQ-REP 通道已建立
[2026-01-17 03:40:33] [VERIFY] ✅ MT5 服务已响应
[2026-01-17 03:40:33] [ACTION] 下一步: 可以重新运行 Task #119 的金丝雀策略
[2026-01-17 03:40:33] [CLEANUP] 关闭 ZMQ 套接字
[2026-01-17 03:40:33] [CLEANUP] 清理 ZMQ 上下文
[2026-01-17 03:40:33] [EXIT] Task #119.5 完成 - 返回码: 0
[2026-01-17 03:40:40] [FORENSICS] UUID: task-119.5-zmq-linkage-verification
[2026-01-17 03:40:40] [FORENSICS] Timestamp: 2026-01-17T03:40:33.945362
[2026-01-17 03:40:40] [FORENSICS] Protocol: v4.3 (Zero-Trust Edition)
[2026-01-17 03:40:40] [FORENSICS] Status: ✅ PASS - 远程链路验证成功
